Построение начато 10.05.2022 6:59:34.
     1>Проект "C:\Users\Alex\Downloads\lab1\lab_1\lab_1\MyCode\codegenerate\regfile_codegeneration\regfile_codegeneration\regfile_codegeneration.vcxproj" в узле 2 (целевые объекты build).
     1>InitializeBuildStatus:
         Создание "Debug\regfile_codegeneration.unsuccessfulbuild", так как было задано "AlwaysCreate".
       ClCompile:
         C:\Program Files (x86)\Microsoft Visual Studio 10.0\VC\bin\CL.exe /c /ZI /nologo /W3 /WX- /Od /Oy- /D WIN32 /D _DEBUG /D _CONSOLE /D _UNICODE /D UNICODE /Gm /EHsc /RTC1 /MDd /GS /fp:precise /Zc:wchar_t /Zc:forScope /Fo"Debug\\" /Fd"Debug\vc100.pdb" /Gd /TP /analyze- /errorReport:prompt 111.cpp
         111.cpp
       ManifestResourceCompile:
         C:\Program Files (x86)\Microsoft SDKs\Windows\v7.0A\bin\rc.exe /nologo /fo"Debug\regfile_codegeneration.exe.embed.manifest.res" Debug\regfile_codegeneration_manifest.rc 
       Link:
         C:\Program Files (x86)\Microsoft Visual Studio 10.0\VC\bin\link.exe /ERRORREPORT:PROMPT /OUT:"C:\Users\Alex\Downloads\lab1\lab_1\lab_1\MyCode\codegenerate\regfile_codegeneration\Debug\regfile_codegeneration.exe" /INCREMENTAL /NOLOGO kernel32.lib user32.lib gdi32.lib winspool.lib comdlg32.lib advapi32.lib shell32.lib ole32.lib oleaut32.lib uuid.lib odbc32.lib odbccp32.lib /MANIFEST /ManifestFile:"Debug\regfile_codegeneration.exe.intermediate.manifest" /MANIFESTUAC:"level='asInvoker' uiAccess='false'" /DEBUG /PDB:"C:\Users\Alex\Downloads\lab1\lab_1\lab_1\MyCode\codegenerate\regfile_codegeneration\Debug\regfile_codegeneration.pdb" /SUBSYSTEM:CONSOLE /TLBID:1 /DYNAMICBASE /NXCOMPAT /IMPLIB:"C:\Users\Alex\Downloads\lab1\lab_1\lab_1\MyCode\codegenerate\regfile_codegeneration\Debug\regfile_codegeneration.lib" /MACHINE:X86 Debug\regfile_codegeneration.exe.embed.manifest.res
         Debug\111.obj
       Manifest:
         C:\Program Files (x86)\Microsoft SDKs\Windows\v7.0A\bin\mt.exe /nologo /verbose /out:"Debug\regfile_codegeneration.exe.embed.manifest" /manifest Debug\regfile_codegeneration.exe.intermediate.manifest
         Для всех выходных данных обновления не требуется.
       LinkEmbedManifest:
         Для всех выходных данных обновления не требуется.
         regfile_codegeneration.vcxproj -> C:\Users\Alex\Downloads\lab1\lab_1\lab_1\MyCode\codegenerate\regfile_codegeneration\Debug\regfile_codegeneration.exe
       FinalizeBuildStatus:
         Файл "Debug\regfile_codegeneration.unsuccessfulbuild" удаляется.
         Обращение к "Debug\regfile_codegeneration.lastbuildstate".
     1>Построение проекта "C:\Users\Alex\Downloads\lab1\lab_1\lab_1\MyCode\codegenerate\regfile_codegeneration\regfile_codegeneration\regfile_codegeneration.vcxproj" завершено (целевые объекты build).

Построение успешно завершено.

Затраченное время: 00:00:02.41
