Построение начато 10.05.2022 7:00:12.
     1>Проект "C:\Users\Alex\Downloads\lab1\lab_1\lab_1\MyCode\codegenerate\regfile_codegeneration\regfile_codegeneration\regfile_codegeneration.vcxproj" в узле 2 (целевые объекты build).
     1>PrepareForBuild:
         Создание каталога "C:\Users\Alex\Downloads\lab1\lab_1\lab_1\MyCode\codegenerate\regfile_codegeneration\Release\".
       InitializeBuildStatus:
         Создание "Release\regfile_codegeneration.unsuccessfulbuild", так как было задано "AlwaysCreate".
       ClCompile:
         C:\Program Files (x86)\Microsoft Visual Studio 10.0\VC\bin\CL.exe /c /Zi /nologo /W3 /WX- /O2 /Oi /Oy- /GL /D WIN32 /D NDEBUG /D _CONSOLE /D _UNICODE /D UNICODE /Gm- /EHsc /MD /GS /Gy /fp:precise /Zc:wchar_t /Zc:forScope /Fo"Release\\" /Fd"Release\vc100.pdb" /Gd /TP /analyze- /errorReport:prompt 111.cpp
         111.cpp
       Link:
         C:\Program Files (x86)\Microsoft Visual Studio 10.0\VC\bin\link.exe /ERRORREPORT:PROMPT /OUT:"C:\Users\Alex\Downloads\lab1\lab_1\lab_1\MyCode\codegenerate\regfile_codegeneration\Release\regfile_codegeneration.exe" /INCREMENTAL:NO /NOLOGO kernel32.lib user32.lib gdi32.lib winspool.lib comdlg32.lib advapi32.lib shell32.lib ole32.lib oleaut32.lib uuid.lib odbc32.lib odbccp32.lib /MANIFEST /ManifestFile:"Release\regfile_codegeneration.exe.intermediate.manifest" /MANIFESTUAC:"level='asInvoker' uiAccess='false'" /DEBUG /PDB:"C:\Users\Alex\Downloads\lab1\lab_1\lab_1\MyCode\codegenerate\regfile_codegeneration\Release\regfile_codegeneration.pdb" /SUBSYSTEM:CONSOLE /OPT:REF /OPT:ICF /LTCG /TLBID:1 /DYNAMICBASE /NXCOMPAT /IMPLIB:"C:\Users\Alex\Downloads\lab1\lab_1\lab_1\MyCode\codegenerate\regfile_codegeneration\Release\regfile_codegeneration.lib" /MACHINE:X86 Release\111.obj
         Создание кода
         Создание кода завершено
         regfile_codegeneration.vcxproj -> C:\Users\Alex\Downloads\lab1\lab_1\lab_1\MyCode\codegenerate\regfile_codegeneration\Release\regfile_codegeneration.exe
       Manifest:
         C:\Program Files (x86)\Microsoft SDKs\Windows\v7.0A\bin\mt.exe /nologo /verbose /outputresource:"C:\Users\Alex\Downloads\lab1\lab_1\lab_1\MyCode\codegenerate\regfile_codegeneration\Release\regfile_codegeneration.exe;#1" /manifest Release\regfile_codegeneration.exe.intermediate.manifest
       FinalizeBuildStatus:
         Файл "Release\regfile_codegeneration.unsuccessfulbuild" удаляется.
         Обращение к "Release\regfile_codegeneration.lastbuildstate".
     1>Построение проекта "C:\Users\Alex\Downloads\lab1\lab_1\lab_1\MyCode\codegenerate\regfile_codegeneration\regfile_codegeneration\regfile_codegeneration.vcxproj" завершено (целевые объекты build).

Построение успешно завершено.

Затраченное время: 00:00:02.29
