Command line:
   data_memory_isim_beh.exe
     -simmode  gui
     -simrunnum  0
     -socket  62205

Tue Feb 15 16:43:36 2022


 Elaboration Time: 0.015625 sec

 Current Memory Usage: 5159.4 Meg

 Total Signals          : 19
 Total Nets             : 112
 Total Signal Drivers   : 6
 Total Blocks           : 2
 Total Primitive Blocks : 2
 Total Processes        : 8
 Total Traceable Variables  : 20
 Total Scalar Nets and Variables : 8388830
Total Line Count : 20

 Total Simulation Time: 0.015625 sec

 Current Memory Usage: 5159.4 Meg

Tue Feb 15 16:43:52 2022

